0 info it worked if it ends with ok
1 verbose cli [ 'C:\\Program Files\\nodejs\\node.exe',
1 verbose cli   'C:\\Users\\Josh Burgess\\AppData\\Roaming\\npm\\node_modules\\npm\\bin\\npm-cli.js',
1 verbose cli   'publish' ]
2 info using npm@3.3.6
3 info using node@v6.2.0
4 verbose publish [ '.' ]
5 silly cache add args [ '.', null ]
6 verbose cache add spec .
7 silly cache add parsed spec Result {
7 silly cache add   raw: '.',
7 silly cache add   scope: null,
7 silly cache add   name: null,
7 silly cache add   rawSpec: '.',
7 silly cache add   spec: 'C:\\code\\eslint-config-standard-trailing-commas',
7 silly cache add   type: 'directory' }
8 verbose addLocalDirectory C:\Users\Josh Burgess\AppData\Roaming\npm-cache\eslint-config-standard-trailing-commas\6.0.0-beta.2\package.tgz not in flight; packing
9 info lifecycle eslint-config-standard-trailing-commas@6.0.0-beta.2~prepublish: eslint-config-standard-trailing-commas@6.0.0-beta.2
10 silly lifecycle eslint-config-standard-trailing-commas@6.0.0-beta.2~prepublish: no script for prepublish, continuing
11 verbose tar pack [ 'C:\\Users\\Josh Burgess\\AppData\\Roaming\\npm-cache\\eslint-config-standard-trailing-commas\\6.0.0-beta.2\\package.tgz',
11 verbose tar pack   'C:\\code\\eslint-config-standard-trailing-commas' ]
12 verbose tarball C:\Users\Josh Burgess\AppData\Roaming\npm-cache\eslint-config-standard-trailing-commas\6.0.0-beta.2\package.tgz
13 verbose folder C:\code\eslint-config-standard-trailing-commas
14 verbose addLocalTarball adding from inside cache C:\Users\Josh Burgess\AppData\Roaming\npm-cache\eslint-config-standard-trailing-commas\6.0.0-beta.2\package.tgz
15 silly cache afterAdd eslint-config-standard-trailing-commas@6.0.0-beta.2
16 verbose afterAdd C:\Users\Josh Burgess\AppData\Roaming\npm-cache\eslint-config-standard-trailing-commas\6.0.0-beta.2\package\package.json not in flight; writing
17 verbose afterAdd C:\Users\Josh Burgess\AppData\Roaming\npm-cache\eslint-config-standard-trailing-commas\6.0.0-beta.2\package\package.json written
18 silly publish { name: 'eslint-config-standard-trailing-commas',
18 silly publish   description: 'JavaScript Standard Style - ESLint Shareable Config',
18 silly publish   version: '6.0.0-beta.2',
18 silly publish   author:
18 silly publish    { name: 'Josh Burgess',
18 silly publish      email: 'joshburgess.webdev@gmail.com',
18 silly publish      url: 'https://twitter.com/@_joshburgess' },
18 silly publish   bugs: { url: 'https://github.com/joshburgess/eslint-config-standard-trailing-commas/issues' },
18 silly publish   contributors:
18 silly publish    { name: 'Feross Aboukhadijeh',
18 silly publish      email: 'feross@feross.org',
18 silly publish      url: 'http://feross.org/' },
18 silly publish   devDependencies:
18 silly publish    { eslint: '^3.1.1',
18 silly publish      'eslint-plugin-promise': '^2.0.0',
18 silly publish      'eslint-plugin-standard': '^2.0.0',
18 silly publish      tape: '^4.6.0' },
18 silly publish   homepage: 'https://github.com/joshburgess/eslint-config-standard-trailing-commas',
18 silly publish   keywords:
18 silly publish    [ 'JavaScript Standard Style',
18 silly publish      'check',
18 silly publish      'checker',
18 silly publish      'code',
18 silly publish      'code checker',
18 silly publish      'code linter',
18 silly publish      'code standards',
18 silly publish      'code style',
18 silly publish      'commas',
18 silly publish      'dangling',
18 silly publish      'dangling commas',
18 silly publish      'enforce',
18 silly publish      'eslint',
18 silly publish      'eslintconfig',
18 silly publish      'hint',
18 silly publish      'jscs',
18 silly publish      'jshint',
18 silly publish      'lint',
18 silly publish      'policy',
18 silly publish      'quality',
18 silly publish      'simple',
18 silly publish      'standard',
18 silly publish      'standard style',
18 silly publish      'standard trailing commas',
18 silly publish      'style',
18 silly publish      'style checker',
18 silly publish      'style linter',
18 silly publish      'trailing',
18 silly publish      'trailing commas',
18 silly publish      'verify' ],
18 silly publish   license: 'MIT',
18 silly publish   main: 'index.js',
18 silly publish   peerDependencies:
18 silly publish    { eslint: '>=2.0.0',
18 silly publish      'eslint-plugin-promise': '>=1.0.8',
18 silly publish      'eslint-plugin-standard': '>=1.3.1' },
18 silly publish   repository:
18 silly publish    { type: 'git',
18 silly publish      url: 'git://github.com/joshburgess/eslint-config-standard-trailing-commas.git' },
18 silly publish   scripts: { test: 'tape test/*.js' },
18 silly publish   readme: '# Standard Trailing Commas\r\n\r\nA fork of [eslint-config-standard](https://github.com/feross/eslint-config-standard) which enforces the use of trailing, aka dangling, commas in object literals & arrays that span multiple lines.\r\n\r\nWhy would you want to use this? From the [eslint documentation page for this rule](http://eslint.org/docs/rules/comma-dangle):\r\n\r\n> Trailing commas simplify adding and removing items to objects and arrays, since only the lines you are modifying\r\n> must be touched. Another argument in favor of trailing commas is that it improves the clarity of diffs when an item\r\n> is added or removed from an object or array\r\n\r\nOriginal Standard documentation shown below:\r\n\r\n# Standard - ESLint Shareable Config\r\n[![travis][travis-image]][travis-url]\r\n[![npm][npm-image]][npm-url]\r\n[![downloads][downloads-image]][downloads-url]\r\n\r\n[travis-image]: https://img.shields.io/travis/feross/eslint-config-standard/master.svg\r\n[travis-url]: https://travis-ci.org/feross/eslint-config-standard\r\n[npm-image]: https://img.shields.io/npm/v/eslint-config-standard.svg\r\n[npm-url]: https://npmjs.org/package/eslint-config-standard\r\n[downloads-image]: https://img.shields.io/npm/dm/eslint-config-standard.svg\r\n[downloads-url]: https://npmjs.org/package/eslint-config-standard\r\n\r\n#### An ESLint [Shareable Config](http://eslint.org/docs/developer-guide/shareable-configs) for [JavaScript Standard Style](http://standardjs.com)\r\n\r\nThis module is for advanced users. You probably want to use [`standard`](http://standardjs.com) instead :)\r\n\r\n[![js-standard-style](https://cdn.rawgit.com/feross/standard/master/badge.svg)](http://standardjs.com)\r\n\r\n## Install\r\n\r\n```bash\r\nnpm install eslint-config-standard\r\n```\r\n\r\n## Usage\r\n\r\nShareable configs are designed to work with the `extends` feature of `.eslintrc` files.\r\nYou can learn more about\r\n[Shareable Configs](http://eslint.org/docs/developer-guide/shareable-configs) on the\r\nofficial ESLint website.\r\n\r\nTo use the JavaScript Standard Style shareable config, first run this:\r\n\r\n```bash\r\nnpm install eslint-config-standard eslint-plugin-standard eslint-plugin-promise\r\n```\r\n\r\nThen, add this to your .eslintrc file:\r\n\r\n```\r\n{\r\n  "extends": "standard"\r\n}\r\n```\r\n\r\n*Note: We omitted the `eslint-config-` prefix since it is automatically assumed by ESLint.*\r\n\r\nYou can override settings from the shareable config by adding them directly into your\r\n`.eslintrc` file.\r\n\r\n### Looking for something easier than this?\r\n\r\nThe easiest way to use JavaScript Standard Style to check your code is to use the\r\n[`standard`](http://standardjs.com) package. This comes with a global\r\nNode command line program (`standard`) that you can run or add to your `npm test` script\r\nto quickly check your style.\r\n\r\n## Badge\r\n\r\nUse this in one of your projects? Include one of these badges in your readme to\r\nlet people know that your code is using the standard style.\r\n\r\n[![js-standard-style](https://cdn.rawgit.com/feross/standard/master/badge.svg)](http://standardjs.com)\r\n\r\n```markdown\r\n[![js-standard-style](https://cdn.rawgit.com/feross/standard/master/badge.svg)](http://standardjs.com)\r\n```\r\n\r\n[![js-standard-style](https://img.shields.io/badge/code%20style-standard-brightgreen.svg)](http://standardjs.com)\r\n\r\n```markdown\r\n[![js-standard-style](https://img.shields.io/badge/code%20style-standard-brightgreen.svg)](http://standardjs.com)\r\n```\r\n\r\n## Learn more\r\n\r\nFor the full listing of rules, editor plugins, FAQs, and more, visit the main\r\n[JavaScript Standard Style repo](http://standardjs.com).\r\n\r\n## License\r\n\r\nMIT. Copyright (c) [Feross Aboukhadijeh](http://feross.org).\r\n',
18 silly publish   readmeFilename: 'README.md',
18 silly publish   gitHead: '76a2cbdad59fe471e5f815e08689bec9b360461e',
18 silly publish   _id: 'eslint-config-standard-trailing-commas@6.0.0-beta.2',
18 silly publish   _shasum: '2e3d988559f244f589e876f8e777193a92104dfe',
18 silly publish   _from: '.' }
19 verbose getPublishConfig undefined
20 silly mapToRegistry name eslint-config-standard-trailing-commas
21 silly mapToRegistry using default registry
22 silly mapToRegistry registry https://registry.npmjs.org/
23 silly mapToRegistry uri https://registry.npmjs.org/eslint-config-standard-trailing-commas
24 verbose publish registryBase https://registry.npmjs.org/
25 silly publish uploading C:\Users\Josh Burgess\AppData\Roaming\npm-cache\eslint-config-standard-trailing-commas\6.0.0-beta.2\package.tgz
26 verbose request uri https://registry.npmjs.org/eslint-config-standard-trailing-commas
27 verbose request sending authorization for write operation
28 info attempt registry request try #1 at 7:34:21 PM
29 verbose request using bearer token for auth
30 verbose request id d3b963e3648d66c4
31 http request PUT https://registry.npmjs.org/eslint-config-standard-trailing-commas
32 http 403 https://registry.npmjs.org/eslint-config-standard-trailing-commas
33 verbose headers { 'content-type': 'application/json',
33 verbose headers   'cache-control': 'max-age=300',
33 verbose headers   'content-length': '102',
33 verbose headers   'accept-ranges': 'bytes',
33 verbose headers   date: 'Sat, 13 Aug 2016 23:34:22 GMT',
33 verbose headers   via: '1.1 varnish',
33 verbose headers   connection: 'keep-alive',
33 verbose headers   'x-served-by': 'cache-mia1320-MIA',
33 verbose headers   'x-cache': 'MISS',
33 verbose headers   'x-cache-hits': '0',
33 verbose headers   'x-timer': 'S1471131262.112722,VS0,VE666',
33 verbose headers   vary: 'Accept-Encoding' }
34 verbose request invalidating C:\Users\Josh Burgess\AppData\Roaming\npm-cache\registry.npmjs.org\eslint-config-standard-trailing-commas on PUT
35 error publish Failed PUT 403
36 verbose stack Error: "You cannot publish over the previously published version 6.0.0-beta.2." : eslint-config-standard-trailing-commas
36 verbose stack     at makeError (C:\Users\Josh Burgess\AppData\Roaming\npm\node_modules\npm\node_modules\npm-registry-client\lib\request.js:264:12)
36 verbose stack     at CachingRegistryClient.<anonymous> (C:\Users\Josh Burgess\AppData\Roaming\npm\node_modules\npm\node_modules\npm-registry-client\lib\request.js:252:14)
36 verbose stack     at Request._callback (C:\Users\Josh Burgess\AppData\Roaming\npm\node_modules\npm\node_modules\npm-registry-client\lib\request.js:172:14)
36 verbose stack     at Request.self.callback (C:\Users\Josh Burgess\AppData\Roaming\npm\node_modules\npm\node_modules\request\request.js:198:22)
36 verbose stack     at emitTwo (events.js:106:13)
36 verbose stack     at Request.emit (events.js:191:7)
36 verbose stack     at Request.<anonymous> (C:\Users\Josh Burgess\AppData\Roaming\npm\node_modules\npm\node_modules\request\request.js:1063:14)
36 verbose stack     at emitOne (events.js:101:20)
36 verbose stack     at Request.emit (events.js:188:7)
36 verbose stack     at IncomingMessage.<anonymous> (C:\Users\Josh Burgess\AppData\Roaming\npm\node_modules\npm\node_modules\request\request.js:1009:12)
37 verbose statusCode 403
38 verbose pkgid eslint-config-standard-trailing-commas
39 verbose cwd C:\code\eslint-config-standard-trailing-commas
40 error Windows_NT 10.0.14393
41 error argv "C:\\Program Files\\nodejs\\node.exe" "C:\\Users\\Josh Burgess\\AppData\\Roaming\\npm\\node_modules\\npm\\bin\\npm-cli.js" "publish"
42 error node v6.2.0
43 error npm  v3.3.6
44 error code E403
45 error "You cannot publish over the previously published version 6.0.0-beta.2." : eslint-config-standard-trailing-commas
46 error If you need help, you may report this error at:
46 error     <https://github.com/npm/npm/issues>
47 verbose exit [ 1, true ]
